#
# There is insufficient memory for the Java Runtime Environment to continue.
# Native memory allocation (malloc) failed to allocate 1048576 bytes for AllocateHeap
# Possible reasons:
#   The system is out of physical RAM or swap space
#   The process is running with CompressedOops enabled, and the Java Heap may be blocking the growth of the native heap
# Possible solutions:
#   Reduce memory load on the system
#   Increase physical memory or swap space
#   Check if swap backing store is full
#   Decrease Java heap size (-Xmx/-Xms)
#   Decrease number of Java threads
#   Decrease Java thread stack sizes (-Xss)
#   Set larger code cache with -XX:ReservedCodeCacheSize=
#   JVM is running with Unscaled Compressed Oops mode in which the Java heap is
#     placed in the first 4GB address space. The Java Heap base address is the
#     maximum limit for the native heap growth. Please use -XX:HeapBaseMinAddress
#     to set the Java Heap base and to place the Java Heap above 4GB virtual address.
# This output file may be truncated or incomplete.
#
#  Out of Memory Error (memory/allocation.inline.hpp:61), pid=9328, tid=0x0000000000002340
#
# JRE version:  (8.0_202-b08) (build )
# Java VM: Java HotSpot(TM) 64-Bit Server VM (25.202-b08 mixed mode windows-amd64 compressed oops)
# Failed to write core dump. Minidumps are not enabled by default on client versions of Windows
#

---------------  T H R E A D  ---------------

Current thread (0x0000000000bae000):  JavaThread "Unknown thread" [_thread_in_vm, id=9024, stack(0x0000000002360000,0x0000000002460000)]

Stack: [0x0000000002360000,0x0000000002460000]
[error occurred during error reporting (printing stack bounds), id 0xc0000005]

Native frames: (J=compiled Java code, j=interpreted, Vv=VM code, C=native code)


---------------  P R O C E S S  ---------------

Java Threads: ( => current thread )

Other Threads:

=>0x0000000000bae000 (exited) JavaThread "Unknown thread" [_thread_in_vm, id=9024, stack(0x0000000002360000,0x0000000002460000)]

VM state:not at safepoint (normal execution)

VM Mutex/Monitor currently owned by a thread: None

heap address: 0x0000000084200000, size: 1982 MB, Compressed Oops mode: 32-bit
Narrow klass base: 0x0000000000000000, Narrow klass shift: 3
Compressed class space size: 1073741824 Address: 0x0000000100000000

Heap:
 PSYoungGen      total 36864K, used 634K [0x00000000d6b80000, 0x00000000d9480000, 0x0000000100000000)
  eden space 31744K, 2% used [0x00000000d6b80000,0x00000000d6c1eb90,0x00000000d8a80000)
  from space 5120K, 0% used [0x00000000d8f80000,0x00000000d8f80000,0x00000000d9480000)
  to   space 5120K, 0% used [0x00000000d8a80000,0x00000000d8a80000,0x00000000d8f80000)
 ParOldGen       total 84992K, used 0K [0x0000000084200000, 0x0000000089500000, 0x00000000d6b80000)
  object space 84992K, 0% used [0x0000000084200000,0x0000000084200000,0x0000000089500000)
 Metaspace       used 751K, capacity 4480K, committed 4480K, reserved 1056768K
  class space    used 76K, capacity 384K, committed 384K, reserved 1048576K

Card table byte_map: [0x0000000011a10000,0x0000000011df0000] byte_map_base: 0x00000000115ef000

Marking Bits: (ParMarkBitMap*) 0x0000000053035ce0
 Begin Bits: [0x0000000012890000, 0x0000000014788000)
 End Bits:   [0x0000000014788000, 0x0000000016680000)

Polling page: 0x0000000000b90000

CodeCache: size=245760Kb used=328Kb max_used=328Kb free=245431Kb
 bounds [0x0000000002650000, 0x00000000028c0000, 0x0000000011650000]
 total_blobs=58 nmethods=0 adapters=38
 compilation: enabled

Compilation events (0 events):
No events

GC Heap History (0 events):
No events

Deoptimization events (0 events):
No events

Classes redefined (0 events):
No events

Internal exceptions (0 events):
No events

Events (10 events):
Event: 0.019 loading class java/lang/Short
Event: 0.020 loading class java/lang/Short done
Event: 0.020 loading class java/lang/Integer
Event: 0.020 loading class java/lang/Integer done
Event: 0.020 loading class java/lang/Long
Event: 0.020 loading class java/lang/Long done
Event: 0.020 loading class java/lang/NullPointerException
Event: 0.020 loading class java/lang/NullPointerException done
Event: 0.020 loading class java/lang/ArithmeticException
Event: 0.020 loading class java/lang/ArithmeticException done


Dynamic libraries:
0x00007ff7d5e90000 - 0x00007ff7d5ec7000 	C:\Program Files\Java\jre1.8.0_202\bin\javaw.exe
0x00007fffc58a0000 - 0x00007fffc5aa9000 	C:\Windows\SYSTEM32\ntdll.dll
0x00007fffc4640000 - 0x00007fffc46fd000 	C:\Windows\System32\KERNEL32.DLL
0x00007fffc33a0000 - 0x00007fffc371b000 	C:\Windows\System32\KERNELBASE.dll
0x00007fffc5590000 - 0x00007fffc563e000 	C:\Windows\System32\ADVAPI32.dll
0x00007fffc4470000 - 0x00007fffc4513000 	C:\Windows\System32\msvcrt.dll
0x00007fffc45a0000 - 0x00007fffc463e000 	C:\Windows\System32\sechost.dll
0x00007fffc52d0000 - 0x00007fffc53f0000 	C:\Windows\System32\RPCRT4.dll
0x00007fffc3dc0000 - 0x00007fffc3f6d000 	C:\Windows\System32\USER32.dll
0x00007fffc3130000 - 0x00007fffc3156000 	C:\Windows\System32\win32u.dll
0x00007fffc5640000 - 0x00007fffc5669000 	C:\Windows\System32\GDI32.dll
0x00007fffc3010000 - 0x00007fffc3128000 	C:\Windows\System32\gdi32full.dll
0x00007fffc3280000 - 0x00007fffc331d000 	C:\Windows\System32\msvcp_win.dll
0x00007fffc3160000 - 0x00007fffc3271000 	C:\Windows\System32\ucrtbase.dll
0x00007fffac600000 - 0x00007fffac8a5000 	C:\Windows\WinSxS\amd64_microsoft.windows.common-controls_6595b64144ccf1df_6.0.22000.120_none_9d947278b86cc467\COMCTL32.dll
0x00007fffc5670000 - 0x00007fffc56a1000 	C:\Windows\System32\IMM32.DLL
0x0000000052350000 - 0x0000000052422000 	C:\Program Files\Java\jre1.8.0_202\bin\msvcr100.dll
0x0000000052810000 - 0x00000000530b5000 	C:\Program Files\Java\jre1.8.0_202\bin\server\jvm.dll
0x00007fffc50e0000 - 0x00007fffc50e8000 	C:\Windows\System32\PSAPI.DLL
0x00007fffba560000 - 0x00007fffba593000 	C:\Windows\SYSTEM32\WINMM.dll
0x00007fffb8730000 - 0x00007fffb873a000 	C:\Windows\SYSTEM32\VERSION.dll
0x00007fff95340000 - 0x00007fff95349000 	C:\Windows\SYSTEM32\WSOCK32.dll
0x00007fffc3be0000 - 0x00007fffc3c4f000 	C:\Windows\System32\WS2_32.dll
0x00007fffa3ff0000 - 0x00007fffa3fff000 	C:\Program Files\Java\jre1.8.0_202\bin\verify.dll
0x00007fff35c60000 - 0x00007fff35c89000 	C:\Program Files\Java\jre1.8.0_202\bin\java.dll
0x00007fff47dc0000 - 0x00007fff47dd6000 	C:\Program Files\Java\jre1.8.0_202\bin\zip.dll

VM Arguments:
jvm_args: -Dfile.encoding=Cp1252 
java_command: AbstractAndInterfaceExamples.abstractdemo3
java_class_path (initial): D:\Automation\software\eclipse-jee-2018-09-win32-x86_64\eclipse\Java_1oct\bin
Launcher Type: SUN_STANDARD

Environment Variables:
PATH=C:/Program Files/Java/jre1.8.0_202/bin/server;C:/Program Files/Java/jre1.8.0_202/bin;C:/Program Files/Java/jre1.8.0_202/lib/amd64;C:\Program Files (x86)\Common Files\Oracle\Java\javapath;C:\Python310\Scripts\;C:\Python310\;C:\Windows\system32;C:\Windows;C:\Windows\System32\Wbem;C:\Windows\System32\WindowsPowerShell\v1.0\;C:\Windows\System32\OpenSSH\;C:\Program Files\NVIDIA Corporation\NVIDIA NvDLISR;C:\Program Files\dotnet\;C:\Program Files\Java\jdk1.8.0_202\bin;C:\Users\vinayak\AppData\Local\Microsoft\WindowsApps;C:\Program Files\JetBrains\PyCharm 2022.1\bin;;C:\Program Files\JetBrains\PyCharm Community Edition 2022.1\bin;;D:\Automation\software\eclipse-jee-2018-09-win32-x86_64\eclipse;
USERNAME=vinayak
OS=Windows_NT
PROCESSOR_IDENTIFIER=Intel64 Family 6 Model 140 Stepping 1, GenuineIntel



---------------  S Y S T E M  ---------------

OS: Windows 10.0 , 64 bit Build 22000 (10.0.22000.708)

CPU:total 8 (initial active 8) (4 cores per cpu, 2 threads per core) family 6 model 140 stepping 1, cmov, cx8, fxsr, mmx, sse, sse2, sse3, ssse3, sse4.1, sse4.2, popcnt, avx, avx2, aes, clmul, erms, 3dnowpref, lzcnt, ht, tsc, tscinvbit, bmi1, bmi2, adx

Memory: 4k page, physical 8117028k(1652740k free), swap 8117028k(6188k free)

vm_info: Java HotSpot(TM) 64-Bit Server VM (25.202-b08) for windows-amd64 JRE (1.8.0_202-b08), built on Dec 15 2018 19:54:30 by "java_re" with MS VC++ 10.0 (VS2010)

time: Thu Nov 17 12:00:17 2022
timezone: India Standard Time
elapsed time: 0 seconds (0d 0h 0m 0s)

